{
  "uid" : "eccf4fd529703a93",
  "name" : "Empty email validation is working on Contact Us page (\"John Doe\")",
  "fullName" : "Empty email validation is working on Contact Us page",
  "historyId" : "Aquality.Selenium.Template.SpecFlow.Features.DemoFeature.EmptyEmailValidationIsWorkingOnContactUsPage(\"John Doe\",null)",
  "time" : {
    "start" : 1642517455269,
    "stop" : 1642517459088,
    "duration" : 3819
  },
  "status" : "broken",
  "statusMessage" : "Exception has been thrown by the target of an invocation. -> unknown error: Chrome failed to start: crashed.\n  (unknown error: DevToolsActivePort file doesn't exist)\n  (The process started from chrome location /usr/bin/google-chrome is no longer running, so ChromeDriver is assuming that Chrome has crashed.)",
  "statusTrace" : "System.Reflection.TargetInvocationException: Exception has been thrown by the target of an invocation.\n ---> OpenQA.Selenium.WebDriverException: unknown error: Chrome failed to start: crashed.\n  (unknown error: DevToolsActivePort file doesn't exist)\n  (The process started from chrome location /usr/bin/google-chrome is no longer running, so ChromeDriver is assuming that Chrome has crashed.)\n   at OpenQA.Selenium.Remote.RemoteWebDriver.UnpackAndThrowOnError(Response errorResponse)\n   at OpenQA.Selenium.Remote.RemoteWebDriver.Execute(String driverCommandToExecute, Dictionary`2 parameters)\n   at OpenQA.Selenium.Remote.RemoteWebDriver.StartSession(ICapabilities desiredCapabilities)\n   at OpenQA.Selenium.Remote.RemoteWebDriver..ctor(ICommandExecutor commandExecutor, ICapabilities desiredCapabilities)\n   at OpenQA.Selenium.Chrome.ChromeDriver..ctor(ChromeDriverService service, ChromeOptions options, TimeSpan commandTimeout)\n   --- End of inner exception stack trace ---\n   at System.RuntimeMethodHandle.InvokeMethod(Object target, Object[] arguments, Signature sig, Boolean constructor, Boolean wrapExceptions)\n   at System.Reflection.RuntimeConstructorInfo.Invoke(BindingFlags invokeAttr, Binder binder, Object[] parameters, CultureInfo culture)\n   at System.RuntimeType.CreateInstanceImpl(BindingFlags bindingAttr, Binder binder, Object[] args, CultureInfo culture)\n   at System.Activator.CreateInstance(Type type, BindingFlags bindingAttr, Binder binder, Object[] args, CultureInfo culture, Object[] activationAttributes)\n   at System.Activator.CreateInstance(Type type, Object[] args)\n   at Aquality.Selenium.Browsers.LocalBrowserFactory.GetDriver[T](DriverService driverService, DriverOptions driverOptions, TimeSpan commandTimeout)\n   at Aquality.Selenium.Browsers.LocalBrowserFactory.get_Driver()\n   at Aquality.Selenium.Browsers.BrowserFactory.<get_Browser>b__16_0()\n   at Aquality.Selenium.Core.Utilities.ActionRetrier.DoWithRetry[T](Func`1 function, IEnumerable`1 handledExceptions)\n   at Aquality.Selenium.Browsers.BrowserFactory.get_Browser()\n   at Aquality.Selenium.Browsers.AqualityServices.<>c.<get_StartBrowserFunction>b__14_0(IServiceProvider services)\n   at Aquality.Selenium.Core.Applications.AqualityServices`1.GetApplication(Func`2 startApplicationFunction, Func`1 serviceCollectionProvider)\n   at Aquality.Selenium.Browsers.AqualityServices.get_Browser()\n   at lambda_method125(Closure , IContextManager )\n   at TechTalk.SpecFlow.Bindings.BindingInvoker.InvokeBinding(IBinding binding, IContextManager contextManager, Object[] arguments, ITestTracer testTracer, TimeSpan& duration)\n   at Allure.SpecFlowPlugin.AllureBindingInvoker.InvokeBinding(IBinding binding, IContextManager contextManager, Object[] arguments, ITestTracer testTracer, TimeSpan& duration)",
  "flaky" : false,
  "newFailed" : false,
  "beforeStages" : [ {
    "name" : "UpdateAqualityTrackingTestCaseName [-1]",
    "time" : {
      "start" : 1642517455247,
      "stop" : 1642517455249,
      "duration" : 2
    },
    "status" : "passed",
    "steps" : [ ],
    "attachments" : [ ],
    "parameters" : [ ],
    "stepsCount" : 0,
    "attachmentsCount" : 0,
    "shouldDisplayMessage" : false,
    "hasContent" : false
  }, {
    "name" : "StartTestExecution [0]",
    "time" : {
      "start" : 1642517455249,
      "stop" : 1642517455250,
      "duration" : 1
    },
    "status" : "passed",
    "steps" : [ ],
    "attachments" : [ ],
    "parameters" : [ ],
    "stepsCount" : 0,
    "attachmentsCount" : 0,
    "shouldDisplayMessage" : false,
    "hasContent" : false
  } ],
  "testStage" : {
    "status" : "broken",
    "statusMessage" : "Exception has been thrown by the target of an invocation. -> unknown error: Chrome failed to start: crashed.\n  (unknown error: DevToolsActivePort file doesn't exist)\n  (The process started from chrome location /usr/bin/google-chrome is no longer running, so ChromeDriver is assuming that Chrome has crashed.)",
    "statusTrace" : "System.Reflection.TargetInvocationException: Exception has been thrown by the target of an invocation.\n ---> OpenQA.Selenium.WebDriverException: unknown error: Chrome failed to start: crashed.\n  (unknown error: DevToolsActivePort file doesn't exist)\n  (The process started from chrome location /usr/bin/google-chrome is no longer running, so ChromeDriver is assuming that Chrome has crashed.)\n   at OpenQA.Selenium.Remote.RemoteWebDriver.UnpackAndThrowOnError(Response errorResponse)\n   at OpenQA.Selenium.Remote.RemoteWebDriver.Execute(String driverCommandToExecute, Dictionary`2 parameters)\n   at OpenQA.Selenium.Remote.RemoteWebDriver.StartSession(ICapabilities desiredCapabilities)\n   at OpenQA.Selenium.Remote.RemoteWebDriver..ctor(ICommandExecutor commandExecutor, ICapabilities desiredCapabilities)\n   at OpenQA.Selenium.Chrome.ChromeDriver..ctor(ChromeDriverService service, ChromeOptions options, TimeSpan commandTimeout)\n   --- End of inner exception stack trace ---\n   at System.RuntimeMethodHandle.InvokeMethod(Object target, Object[] arguments, Signature sig, Boolean constructor, Boolean wrapExceptions)\n   at System.Reflection.RuntimeConstructorInfo.Invoke(BindingFlags invokeAttr, Binder binder, Object[] parameters, CultureInfo culture)\n   at System.RuntimeType.CreateInstanceImpl(BindingFlags bindingAttr, Binder binder, Object[] args, CultureInfo culture)\n   at System.Activator.CreateInstance(Type type, BindingFlags bindingAttr, Binder binder, Object[] args, CultureInfo culture, Object[] activationAttributes)\n   at System.Activator.CreateInstance(Type type, Object[] args)\n   at Aquality.Selenium.Browsers.LocalBrowserFactory.GetDriver[T](DriverService driverService, DriverOptions driverOptions, TimeSpan commandTimeout)\n   at Aquality.Selenium.Browsers.LocalBrowserFactory.get_Driver()\n   at Aquality.Selenium.Browsers.BrowserFactory.<get_Browser>b__16_0()\n   at Aquality.Selenium.Core.Utilities.ActionRetrier.DoWithRetry[T](Func`1 function, IEnumerable`1 handledExceptions)\n   at Aquality.Selenium.Browsers.BrowserFactory.get_Browser()\n   at Aquality.Selenium.Browsers.AqualityServices.<>c.<get_StartBrowserFunction>b__14_0(IServiceProvider services)\n   at Aquality.Selenium.Core.Applications.AqualityServices`1.GetApplication(Func`2 startApplicationFunction, Func`1 serviceCollectionProvider)\n   at Aquality.Selenium.Browsers.AqualityServices.get_Browser()\n   at lambda_method125(Closure , IContextManager )\n   at TechTalk.SpecFlow.Bindings.BindingInvoker.InvokeBinding(IBinding binding, IContextManager contextManager, Object[] arguments, ITestTracer testTracer, TimeSpan& duration)\n   at Allure.SpecFlowPlugin.AllureBindingInvoker.InvokeBinding(IBinding binding, IContextManager contextManager, Object[] arguments, ITestTracer testTracer, TimeSpan& duration)",
    "steps" : [ {
      "name" : "Given  Main page is opened",
      "time" : {
        "start" : 1642517455278,
        "stop" : 1642517459077,
        "duration" : 3799
      },
      "status" : "failed",
      "steps" : [ ],
      "attachments" : [ ],
      "parameters" : [ ],
      "stepsCount" : 0,
      "attachmentsCount" : 0,
      "shouldDisplayMessage" : false,
      "hasContent" : false
    } ],
    "attachments" : [ ],
    "parameters" : [ ],
    "stepsCount" : 1,
    "attachmentsCount" : 0,
    "shouldDisplayMessage" : true,
    "hasContent" : true
  },
  "afterStages" : [ {
    "name" : "UpdateAllureTestCaseName [-1]",
    "time" : {
      "start" : 1642517459088,
      "stop" : 1642517459095,
      "duration" : 7
    },
    "status" : "passed",
    "steps" : [ ],
    "attachments" : [ ],
    "parameters" : [ ],
    "stepsCount" : 0,
    "attachmentsCount" : 0,
    "shouldDisplayMessage" : false,
    "hasContent" : false
  }, {
    "name" : "TakeScreenshot [0]",
    "time" : {
      "start" : 1642517459095,
      "stop" : 1642517459096,
      "duration" : 1
    },
    "status" : "passed",
    "steps" : [ ],
    "attachments" : [ ],
    "parameters" : [ ],
    "stepsCount" : 0,
    "attachmentsCount" : 0,
    "shouldDisplayMessage" : false,
    "hasContent" : false
  }, {
    "name" : "CloseBrowser [1]",
    "time" : {
      "start" : 1642517459096,
      "stop" : 1642517459525,
      "duration" : 429
    },
    "status" : "broken",
    "steps" : [ ],
    "attachments" : [ ],
    "parameters" : [ ],
    "stepsCount" : 0,
    "attachmentsCount" : 0,
    "shouldDisplayMessage" : false,
    "hasContent" : false
  } ],
  "labels" : [ {
    "name" : "thread",
    "value" : "ParallelWorker#2"
  }, {
    "name" : "host",
    "value" : "fv-az37-606"
  }, {
    "name" : "feature",
    "value" : "Demo"
  }, {
    "name" : "tag",
    "value" : "demo"
  }, {
    "name" : "resultFormat",
    "value" : "allure2"
  } ],
  "parameters" : [ {
    "name" : "Name",
    "value" : "John Doe"
  } ],
  "links" : [ ],
  "hidden" : false,
  "retry" : false,
  "extra" : {
    "severity" : "normal",
    "retries" : [ ],
    "categories" : [ {
      "name" : "Test defects",
      "matchedStatuses" : [ ],
      "flaky" : false
    } ],
    "tags" : [ "demo" ]
  },
  "source" : "eccf4fd529703a93.json",
  "parameterValues" : [ "John Doe" ]
}