{"uid":"56a09ddf8c6ff046","name":"GET users info","fullName":"GET users info","historyId":"Aquality.Selenium.Template.SpecFlow.Features.DemoAPIFeature.GETUsersInfo","time":{"start":1663285979208,"stop":1663285979895,"duration":687},"status":"failed","statusMessage":"Could not find a part of the path '/home/runner/work/aquality-selenium-dotnet-template/aquality-selenium-dotnet-template/Aquality.Selenium.Template/Aquality.Selenium.Template.SpecFlow/bin/Release/net6.0/Resources/JsonSchemas/users/UserResponse.json'.","statusTrace":"System.IO.DirectoryNotFoundException: Could not find a part of the path '/home/runner/work/aquality-selenium-dotnet-template/aquality-selenium-dotnet-template/Aquality.Selenium.Template/Aquality.Selenium.Template.SpecFlow/bin/Release/net6.0/Resources/JsonSchemas/users/UserResponse.json'.\n   at Interop.ThrowExceptionForIoErrno(ErrorInfo errorInfo, String path, Boolean isDirectory, Func`2 errorRewriter)\n   at Microsoft.Win32.SafeHandles.SafeFileHandle.Open(String path, OpenFlags flags, Int32 mode)\n   at Microsoft.Win32.SafeHandles.SafeFileHandle.Open(String fullPath, FileMode mode, FileAccess access, FileShare share, FileOptions options, Int64 preallocationSize)\n   at System.IO.Strategies.OSFileStreamStrategy..ctor(String path, FileMode mode, FileAccess access, FileShare share, FileOptions options, Int64 preallocationSize)\n   at System.IO.Strategies.FileStreamHelpers.ChooseStrategy(FileStream fileStream, String path, FileMode mode, FileAccess access, FileShare share, Int32 bufferSize, FileOptions options, Int64 preallocationSize)\n   at System.IO.StreamReader.ValidateArgsAndOpenPath(String path, Encoding encoding, Int32 bufferSize)\n   at System.IO.File.OpenText(String path)\n   at Aquality.Selenium.Template.SpecFlow.StepDefinitions.API.Common.ResponseSteps.AssertResponseIsValidSchema(RestResponse response, String schemaName) in /home/runner/work/aquality-selenium-dotnet-template/aquality-selenium-dotnet-template/Aquality.Selenium.Template/Aquality.Selenium.Template.SpecFlow/StepDefinitions/API/Common/ResponseSteps.cs:line 49\n   at TechTalk.SpecFlow.Bindings.BindingInvoker.InvokeBinding(IBinding binding, IContextManager contextManager, Object[] arguments, ITestTracer testTracer, TimeSpan& duration)\n   at Allure.SpecFlowPlugin.AllureBindingInvoker.InvokeBinding(IBinding binding, IContextManager contextManager, Object[] arguments, ITestTracer testTracer, TimeSpan& duration)\n   at TechTalk.SpecFlow.Infrastructure.TestExecutionEngine.ExecuteStepMatch(BindingMatch match, Object[] arguments, TimeSpan& duration)\n   at TechTalk.SpecFlow.Infrastructure.TestExecutionEngine.ExecuteStep(IContextManager contextManager, StepInstance stepInstance)","flaky":false,"newFailed":false,"newBroken":false,"newPassed":false,"retriesCount":0,"retriesStatusChange":false,"beforeStages":[{"name":"RegisterCustomStartup [10000]","time":{"start":1663285977568,"stop":1663285977777,"duration":209},"status":"passed","steps":[],"attachments":[],"parameters":[],"attachmentsCount":0,"shouldDisplayMessage":false,"hasContent":false,"stepsCount":0},{"name":"UpdateAqualityTrackingTestCaseName [-1]","time":{"start":1663285979196,"stop":1663285979196,"duration":0},"status":"passed","steps":[],"attachments":[],"parameters":[],"attachmentsCount":0,"shouldDisplayMessage":false,"hasContent":false,"stepsCount":0},{"name":"StartTestExecution [0]","time":{"start":1663285979196,"stop":1663285979196,"duration":0},"status":"passed","steps":[],"attachments":[],"parameters":[],"attachmentsCount":0,"shouldDisplayMessage":false,"hasContent":false,"stepsCount":0}],"testStage":{"status":"failed","statusMessage":"Could not find a part of the path '/home/runner/work/aquality-selenium-dotnet-template/aquality-selenium-dotnet-template/Aquality.Selenium.Template/Aquality.Selenium.Template.SpecFlow/bin/Release/net6.0/Resources/JsonSchemas/users/UserResponse.json'.","statusTrace":"System.IO.DirectoryNotFoundException: Could not find a part of the path '/home/runner/work/aquality-selenium-dotnet-template/aquality-selenium-dotnet-template/Aquality.Selenium.Template/Aquality.Selenium.Template.SpecFlow/bin/Release/net6.0/Resources/JsonSchemas/users/UserResponse.json'.\n   at Interop.ThrowExceptionForIoErrno(ErrorInfo errorInfo, String path, Boolean isDirectory, Func`2 errorRewriter)\n   at Microsoft.Win32.SafeHandles.SafeFileHandle.Open(String path, OpenFlags flags, Int32 mode)\n   at Microsoft.Win32.SafeHandles.SafeFileHandle.Open(String fullPath, FileMode mode, FileAccess access, FileShare share, FileOptions options, Int64 preallocationSize)\n   at System.IO.Strategies.OSFileStreamStrategy..ctor(String path, FileMode mode, FileAccess access, FileShare share, FileOptions options, Int64 preallocationSize)\n   at System.IO.Strategies.FileStreamHelpers.ChooseStrategy(FileStream fileStream, String path, FileMode mode, FileAccess access, FileShare share, Int32 bufferSize, FileOptions options, Int64 preallocationSize)\n   at System.IO.StreamReader.ValidateArgsAndOpenPath(String path, Encoding encoding, Int32 bufferSize)\n   at System.IO.File.OpenText(String path)\n   at Aquality.Selenium.Template.SpecFlow.StepDefinitions.API.Common.ResponseSteps.AssertResponseIsValidSchema(RestResponse response, String schemaName) in /home/runner/work/aquality-selenium-dotnet-template/aquality-selenium-dotnet-template/Aquality.Selenium.Template/Aquality.Selenium.Template.SpecFlow/StepDefinitions/API/Common/ResponseSteps.cs:line 49\n   at TechTalk.SpecFlow.Bindings.BindingInvoker.InvokeBinding(IBinding binding, IContextManager contextManager, Object[] arguments, ITestTracer testTracer, TimeSpan& duration)\n   at Allure.SpecFlowPlugin.AllureBindingInvoker.InvokeBinding(IBinding binding, IContextManager contextManager, Object[] arguments, ITestTracer testTracer, TimeSpan& duration)\n   at TechTalk.SpecFlow.Infrastructure.TestExecutionEngine.ExecuteStepMatch(BindingMatch match, Object[] arguments, TimeSpan& duration)\n   at TechTalk.SpecFlow.Infrastructure.TestExecutionEngine.ExecuteStep(IContextManager contextManager, StepInstance stepInstance)","steps":[{"name":"When  I send GET '/users' request to github and save the 'users response'","time":{"start":1663285979208,"stop":1663285979587,"duration":379},"status":"passed","steps":[],"attachments":[{"uid":"a0957a2af2de4c3e","name":"Response headers","source":"a0957a2af2de4c3e.json","type":"application/json","size":3160},{"uid":"36b222e4d693b1a5","name":"Response common info","source":"36b222e4d693b1a5.json","type":"application/json","size":251},{"uid":"d6a97be43ee1a9bb","name":"Response content","source":"d6a97be43ee1a9bb.json","type":"application/json","size":29924}],"parameters":[],"attachmentsCount":3,"shouldDisplayMessage":false,"hasContent":true,"stepsCount":0},{"name":"Then  the status code of the 'users response' is '200'","time":{"start":1663285979587,"stop":1663285979600,"duration":13},"status":"passed","steps":[],"attachments":[],"parameters":[],"attachmentsCount":0,"shouldDisplayMessage":false,"hasContent":false,"stepsCount":0},{"name":"And  the 'users response' matches json schema 'Users/UsersResponse'","time":{"start":1663285979600,"stop":1663285979679,"duration":79},"status":"passed","steps":[],"attachments":[{"uid":"9499f03d24aa4d1b","name":"json schema","source":"9499f03d24aa4d1b.json","type":"application/json","size":437}],"parameters":[],"attachmentsCount":1,"shouldDisplayMessage":false,"hasContent":true,"stepsCount":0},{"name":"And  the '' array has size less than or equal to 30 in the 'users response'","time":{"start":1663285979687,"stop":1663285979700,"duration":13},"status":"passed","steps":[],"attachments":[],"parameters":[],"attachmentsCount":0,"shouldDisplayMessage":false,"hasContent":false,"stepsCount":0},{"name":"And  the '' array is ordered ascending by 'id' in the 'users response'","time":{"start":1663285979700,"stop":1663285979705,"duration":5},"status":"passed","steps":[],"attachments":[],"parameters":[],"attachmentsCount":0,"shouldDisplayMessage":false,"hasContent":false,"stepsCount":0},{"name":"When  I extract the '[0].url' from the 'users response' and save it as 'user URL'","time":{"start":1663285979705,"stop":1663285979716,"duration":11},"status":"passed","steps":[],"attachments":[],"parameters":[],"attachmentsCount":0,"shouldDisplayMessage":false,"hasContent":false,"stepsCount":0},{"name":"And  I send GET request to github endpoint saved as 'user URL' and save the 'response'","time":{"start":1663285979716,"stop":1663285979893,"duration":177},"status":"passed","steps":[],"attachments":[{"uid":"34e5efd8004d024b","name":"Response headers","source":"34e5efd8004d024b.json","type":"application/json","size":2870},{"uid":"637d028c05edc432","name":"Response common info","source":"637d028c05edc432.json","type":"application/json","size":259},{"uid":"fac8ae9f7542f623","name":"Response content","source":"fac8ae9f7542f623.json","type":"application/json","size":1372}],"parameters":[],"attachmentsCount":3,"shouldDisplayMessage":false,"hasContent":true,"stepsCount":0},{"name":"Then  the status code of the 'response' is '200'","time":{"start":1663285979893,"stop":1663285979893,"duration":0},"status":"passed","steps":[],"attachments":[],"parameters":[],"attachmentsCount":0,"shouldDisplayMessage":false,"hasContent":false,"stepsCount":0},{"name":"And  the 'response' matches json schema 'users/UserResponse'","time":{"start":1663285979893,"stop":1663285979894,"duration":1},"status":"failed","steps":[],"attachments":[],"parameters":[],"attachmentsCount":0,"shouldDisplayMessage":false,"hasContent":false,"stepsCount":0}],"attachments":[],"parameters":[],"attachmentsCount":7,"shouldDisplayMessage":true,"hasContent":true,"stepsCount":9},"afterStages":[{"name":"UpdateAllureTestCaseName [-1]","time":{"start":1663285979895,"stop":1663285979895,"duration":0},"status":"passed","steps":[],"attachments":[],"parameters":[],"attachmentsCount":0,"shouldDisplayMessage":false,"hasContent":false,"stepsCount":0},{"name":"AttachArtifacts [0]","time":{"start":1663285979895,"stop":1663285979895,"duration":0},"status":"passed","steps":[],"attachments":[],"parameters":[],"attachmentsCount":0,"shouldDisplayMessage":false,"hasContent":false,"stepsCount":0},{"name":"CloseBrowser [1]","time":{"start":1663285979895,"stop":1663285979895,"duration":0},"status":"passed","steps":[],"attachments":[],"parameters":[],"attachmentsCount":0,"shouldDisplayMessage":false,"hasContent":false,"stepsCount":0}],"labels":[{"name":"thread","value":"ParallelWorker#2"},{"name":"host","value":"fv-az460-773"},{"name":"feature","value":"Demo API"},{"name":"tag","value":"API"},{"name":"tag","value":"demo"},{"name":"resultFormat","value":"allure2"}],"parameters":[],"links":[],"hidden":false,"retry":false,"extra":{"severity":"normal","retries":[],"categories":[{"name":"Product defects","matchedStatuses":[],"flaky":false}],"history":{"statistic":{"failed":2,"broken":0,"skipped":0,"passed":1,"unknown":0,"total":3},"items":[{"uid":"1acd0e6dba82d600","reportUrl":"https://aquality-automation.github.io/aquality-selenium-dotnet-template/31//#testresult/1acd0e6dba82d600","status":"failed","statusDetails":"Could not find a part of the path '/home/runner/work/aquality-selenium-dotnet-template/aquality-selenium-dotnet-template/Aquality.Selenium.Template/Aquality.Selenium.Template.SpecFlow/bin/Release/net6.0/Resources/JsonSchemas/users/UserResponse.json'.","time":{"start":1663282826131,"stop":1663282826332,"duration":201}},{"uid":"124069cdca0787ff","reportUrl":"https://aquality-automation.github.io/aquality-selenium-dotnet-template/30//#testresult/124069cdca0787ff","status":"passed","time":{"start":1663272228366,"stop":1663272228608,"duration":242}}]},"tags":["API","demo"]},"source":"56a09ddf8c6ff046.json","parameterValues":[]}