{"uid":"94fd57542d01d524","name":"Empty email validation is working on Contact Us page (\"Peter Parker\")","fullName":"Aquality.Selenium.Template.SpecFlow/Features/Demo/Empty email validation is working on Contact Us page","historyId":"Aquality.Selenium.Template.SpecFlow.Features.DemoFeature.EmptyEmailValidationIsWorkingOnContactUsPage(\"Peter Parker\",null)","time":{"start":1706027394044,"stop":1706027395920,"duration":1876},"status":"failed","statusMessage":"Common Language Runtime detected an invalid program.","statusTrace":"System.InvalidProgramException: Common Language Runtime detected an invalid program.\n   at ResolveService(ILEmitResolverBuilderRuntimeContext , ServiceProviderEngineScope )\n   at Microsoft.Extensions.DependencyInjection.ServiceProvider.GetService(ServiceIdentifier serviceIdentifier, ServiceProviderEngineScope serviceProviderEngineScope)\n   at Microsoft.Extensions.DependencyInjection.ServiceLookup.ServiceProviderEngineScope.GetService(Type serviceType)\n   at Microsoft.Extensions.DependencyInjection.ServiceProviderServiceExtensions.GetRequiredService(IServiceProvider provider, Type serviceType)\n   at Microsoft.Extensions.DependencyInjection.ServiceProviderServiceExtensions.GetRequiredService[T](IServiceProvider provider)\n   at Aquality.Selenium.Core.Waitings.ConditionalWait.WaitFor[T](Func`2 condition, Nullable`1 timeout, Nullable`1 pollingInterval, String message, IList`1 exceptionsToIgnore)\n   at Aquality.Selenium.Core.Elements.ElementFinder.FindElements(By locator, DesiredState desiredState, Nullable`1 timeout, String name)\n   at Aquality.Selenium.Core.Elements.ElementFinder.FindElement(By locator, Func`2 elementStateCondition, String stateName, Nullable`1 timeout, String name)\n   at Aquality.Selenium.Core.Elements.ElementFinder.FindElement(By locator, ElementState state, Nullable`1 timeout, String name)\n   at Aquality.Selenium.Core.Elements.Element.GetElement(Nullable`1 timeout)\n   at Aquality.Selenium.Elements.Actions.JsActions.ResolveArguments(Object[] arguments)\n   at Aquality.Selenium.Elements.Actions.JsActions.<>c__DisplayClass30_0.<ExecuteScript>b__0()\n   at Aquality.Selenium.Core.Utilities.ActionRetrier.<>c__DisplayClass2_0.<DoWithRetry>b__0()\n   at Aquality.Selenium.Core.Utilities.ActionRetrier.DoWithRetry[T](Func`1 function, IEnumerable`1 handledExceptions)\n   at Aquality.Selenium.Core.Utilities.ElementActionRetrier.DoWithRetry[T](Func`1 function, IEnumerable`1 handledExceptions)\n   at Aquality.Selenium.Core.Utilities.ActionRetrier.DoWithRetry(Action action, IEnumerable`1 handledExceptions)\n   at Aquality.Selenium.Core.Utilities.ElementActionRetrier.DoWithRetry(Action action, IEnumerable`1 handledExceptions)\n   at Aquality.Selenium.Elements.Actions.JsActions.ExecuteScript(JavaScript scriptName, Object[] arguments)\n   at Aquality.Selenium.Elements.Actions.JsActions.HighlightElement(HighlightState highlightState)\n   at Aquality.Selenium.Elements.Element.Click()\n   at lambda_method209(Closure , IContextManager )\n   at TechTalk.SpecFlow.Bindings.BindingInvoker.InvokeBinding(IBinding binding, IContextManager contextManager, Object[] arguments, ITestTracer testTracer, TimeSpan& duration)\n   at TechTalk.SpecFlow.Infrastructure.TestExecutionEngine.ExecuteStepMatch(BindingMatch match, Object[] arguments, TimeSpan& duration)\n   at TechTalk.SpecFlow.Infrastructure.TestExecutionEngine.ExecuteStep(IContextManager contextManager, StepInstance stepInstance)","flaky":false,"newFailed":false,"newBroken":false,"newPassed":false,"retriesCount":0,"retriesStatusChange":false,"beforeStages":[{"name":"RegisterCustomStartup [10000]","time":{"start":1706027386048,"stop":1706027386273,"duration":225},"status":"passed","steps":[],"attachments":[],"parameters":[],"shouldDisplayMessage":false,"stepsCount":0,"attachmentsCount":0,"hasContent":false,"attachmentStep":false},{"name":"UpdateAqualityTrackingTestCaseName [-1]","time":{"start":1706027394044,"stop":1706027394044,"duration":0},"status":"passed","steps":[],"attachments":[],"parameters":[],"shouldDisplayMessage":false,"stepsCount":0,"attachmentsCount":0,"hasContent":false,"attachmentStep":false},{"name":"StartTestExecution [0]","time":{"start":1706027394044,"stop":1706027394044,"duration":0},"status":"passed","steps":[],"attachments":[],"parameters":[],"shouldDisplayMessage":false,"stepsCount":0,"attachmentsCount":0,"hasContent":false,"attachmentStep":false}],"testStage":{"status":"failed","statusMessage":"Common Language Runtime detected an invalid program.","statusTrace":"System.InvalidProgramException: Common Language Runtime detected an invalid program.\n   at ResolveService(ILEmitResolverBuilderRuntimeContext , ServiceProviderEngineScope )\n   at Microsoft.Extensions.DependencyInjection.ServiceProvider.GetService(ServiceIdentifier serviceIdentifier, ServiceProviderEngineScope serviceProviderEngineScope)\n   at Microsoft.Extensions.DependencyInjection.ServiceLookup.ServiceProviderEngineScope.GetService(Type serviceType)\n   at Microsoft.Extensions.DependencyInjection.ServiceProviderServiceExtensions.GetRequiredService(IServiceProvider provider, Type serviceType)\n   at Microsoft.Extensions.DependencyInjection.ServiceProviderServiceExtensions.GetRequiredService[T](IServiceProvider provider)\n   at Aquality.Selenium.Core.Waitings.ConditionalWait.WaitFor[T](Func`2 condition, Nullable`1 timeout, Nullable`1 pollingInterval, String message, IList`1 exceptionsToIgnore)\n   at Aquality.Selenium.Core.Elements.ElementFinder.FindElements(By locator, DesiredState desiredState, Nullable`1 timeout, String name)\n   at Aquality.Selenium.Core.Elements.ElementFinder.FindElement(By locator, Func`2 elementStateCondition, String stateName, Nullable`1 timeout, String name)\n   at Aquality.Selenium.Core.Elements.ElementFinder.FindElement(By locator, ElementState state, Nullable`1 timeout, String name)\n   at Aquality.Selenium.Core.Elements.Element.GetElement(Nullable`1 timeout)\n   at Aquality.Selenium.Elements.Actions.JsActions.ResolveArguments(Object[] arguments)\n   at Aquality.Selenium.Elements.Actions.JsActions.<>c__DisplayClass30_0.<ExecuteScript>b__0()\n   at Aquality.Selenium.Core.Utilities.ActionRetrier.<>c__DisplayClass2_0.<DoWithRetry>b__0()\n   at Aquality.Selenium.Core.Utilities.ActionRetrier.DoWithRetry[T](Func`1 function, IEnumerable`1 handledExceptions)\n   at Aquality.Selenium.Core.Utilities.ElementActionRetrier.DoWithRetry[T](Func`1 function, IEnumerable`1 handledExceptions)\n   at Aquality.Selenium.Core.Utilities.ActionRetrier.DoWithRetry(Action action, IEnumerable`1 handledExceptions)\n   at Aquality.Selenium.Core.Utilities.ElementActionRetrier.DoWithRetry(Action action, IEnumerable`1 handledExceptions)\n   at Aquality.Selenium.Elements.Actions.JsActions.ExecuteScript(JavaScript scriptName, Object[] arguments)\n   at Aquality.Selenium.Elements.Actions.JsActions.HighlightElement(HighlightState highlightState)\n   at Aquality.Selenium.Elements.Element.Click()\n   at lambda_method209(Closure , IContextManager )\n   at TechTalk.SpecFlow.Bindings.BindingInvoker.InvokeBinding(IBinding binding, IContextManager contextManager, Object[] arguments, ITestTracer testTracer, TimeSpan& duration)\n   at TechTalk.SpecFlow.Infrastructure.TestExecutionEngine.ExecuteStepMatch(BindingMatch match, Object[] arguments, TimeSpan& duration)\n   at TechTalk.SpecFlow.Infrastructure.TestExecutionEngine.ExecuteStep(IContextManager contextManager, StepInstance stepInstance)","steps":[{"name":"Given  Main page is opened","time":{"start":1706027394044,"stop":1706027395915,"duration":1871},"status":"passed","steps":[{"name":"16:29:54.279 - Browser 'Chrome' ready...","time":{"start":1706027394279,"stop":1706027394279,"duration":0},"status":"passed","steps":[],"attachments":[],"parameters":[],"shouldDisplayMessage":false,"stepsCount":0,"attachmentsCount":0,"hasContent":false,"attachmentStep":false},{"name":"16:29:54.280 - Navigate to URL - 'https://www.a1qa.com/'","time":{"start":1706027394280,"stop":1706027394280,"duration":0},"status":"passed","steps":[],"attachments":[],"parameters":[],"shouldDisplayMessage":false,"stepsCount":0,"attachmentsCount":0,"hasContent":false,"attachmentStep":false}],"attachments":[],"parameters":[],"shouldDisplayMessage":false,"stepsCount":2,"attachmentsCount":0,"hasContent":true,"attachmentStep":false},{"name":"When  I open Contact us page","time":{"start":1706027395915,"stop":1706027395919,"duration":4},"status":"failed","statusMessage":"Common Language Runtime detected an invalid program.","statusTrace":"System.InvalidProgramException: Common Language Runtime detected an invalid program.\n   at ResolveService(ILEmitResolverBuilderRuntimeContext , ServiceProviderEngineScope )\n   at Microsoft.Extensions.DependencyInjection.ServiceProvider.GetService(ServiceIdentifier serviceIdentifier, ServiceProviderEngineScope serviceProviderEngineScope)\n   at Microsoft.Extensions.DependencyInjection.ServiceLookup.ServiceProviderEngineScope.GetService(Type serviceType)\n   at Microsoft.Extensions.DependencyInjection.ServiceProviderServiceExtensions.GetRequiredService(IServiceProvider provider, Type serviceType)\n   at Microsoft.Extensions.DependencyInjection.ServiceProviderServiceExtensions.GetRequiredService[T](IServiceProvider provider)\n   at Aquality.Selenium.Core.Waitings.ConditionalWait.WaitFor[T](Func`2 condition, Nullable`1 timeout, Nullable`1 pollingInterval, String message, IList`1 exceptionsToIgnore)\n   at Aquality.Selenium.Core.Elements.ElementFinder.FindElements(By locator, DesiredState desiredState, Nullable`1 timeout, String name)\n   at Aquality.Selenium.Core.Elements.ElementFinder.FindElement(By locator, Func`2 elementStateCondition, String stateName, Nullable`1 timeout, String name)\n   at Aquality.Selenium.Core.Elements.ElementFinder.FindElement(By locator, ElementState state, Nullable`1 timeout, String name)\n   at Aquality.Selenium.Core.Elements.Element.GetElement(Nullable`1 timeout)\n   at Aquality.Selenium.Elements.Actions.JsActions.ResolveArguments(Object[] arguments)\n   at Aquality.Selenium.Elements.Actions.JsActions.<>c__DisplayClass30_0.<ExecuteScript>b__0()\n   at Aquality.Selenium.Core.Utilities.ActionRetrier.<>c__DisplayClass2_0.<DoWithRetry>b__0()\n   at Aquality.Selenium.Core.Utilities.ActionRetrier.DoWithRetry[T](Func`1 function, IEnumerable`1 handledExceptions)\n   at Aquality.Selenium.Core.Utilities.ElementActionRetrier.DoWithRetry[T](Func`1 function, IEnumerable`1 handledExceptions)\n   at Aquality.Selenium.Core.Utilities.ActionRetrier.DoWithRetry(Action action, IEnumerable`1 handledExceptions)\n   at Aquality.Selenium.Core.Utilities.ElementActionRetrier.DoWithRetry(Action action, IEnumerable`1 handledExceptions)\n   at Aquality.Selenium.Elements.Actions.JsActions.ExecuteScript(JavaScript scriptName, Object[] arguments)\n   at Aquality.Selenium.Elements.Actions.JsActions.HighlightElement(HighlightState highlightState)\n   at Aquality.Selenium.Elements.Element.Click()\n   at lambda_method209(Closure , IContextManager )\n   at TechTalk.SpecFlow.Bindings.BindingInvoker.InvokeBinding(IBinding binding, IContextManager contextManager, Object[] arguments, ITestTracer testTracer, TimeSpan& duration)\n   at TechTalk.SpecFlow.Infrastructure.TestExecutionEngine.ExecuteStepMatch(BindingMatch match, Object[] arguments, TimeSpan& duration)\n   at TechTalk.SpecFlow.Infrastructure.TestExecutionEngine.ExecuteStep(IContextManager contextManager, StepInstance stepInstance)","steps":[{"name":"16:29:55.917 - Button 'Accept cookies' :: Clicking","time":{"start":1706027395917,"stop":1706027395917,"duration":0},"status":"passed","steps":[],"attachments":[],"parameters":[],"shouldDisplayMessage":false,"stepsCount":0,"attachmentsCount":0,"hasContent":false,"attachmentStep":false}],"attachments":[],"parameters":[],"shouldDisplayMessage":true,"stepsCount":1,"attachmentsCount":0,"hasContent":true,"attachmentStep":false}],"attachments":[],"parameters":[],"shouldDisplayMessage":false,"stepsCount":5,"attachmentsCount":0,"hasContent":true,"attachmentStep":false},"afterStages":[{"name":"FinishTestExecution [2147483647]","time":{"start":1706027394040,"stop":1706027394041,"duration":1},"status":"passed","steps":[],"attachments":[],"parameters":[],"shouldDisplayMessage":false,"stepsCount":0,"attachmentsCount":0,"hasContent":false,"attachmentStep":false},{"name":"UpdateAllureTestCaseName [-1]","time":{"start":1706027395920,"stop":1706027395920,"duration":0},"status":"passed","steps":[],"attachments":[],"parameters":[],"shouldDisplayMessage":false,"stepsCount":0,"attachmentsCount":0,"hasContent":false,"attachmentStep":false},{"name":"AttachArtifacts [0]","time":{"start":1706027395920,"stop":1706027396383,"duration":463},"status":"passed","steps":[],"attachments":[{"uid":"8e023125bb182662","name":"Screenshot","source":"8e023125bb182662.png","type":"image/png","size":283018},{"uid":"5a1115c4f0b0614f","name":"source","source":"5a1115c4f0b0614f.html","type":"text/html","size":109646},{"uid":"5d4a13f483c7e16f","name":"console.log","source":"5d4a13f483c7e16f.json","type":"application/json","size":336}],"parameters":[],"shouldDisplayMessage":false,"stepsCount":0,"attachmentsCount":3,"hasContent":true,"attachmentStep":false},{"name":"CloseBrowser [1]","time":{"start":1706027396383,"stop":1706027396446,"duration":63},"status":"passed","steps":[{"name":"16:29:56.384 - Closing browser","time":{"start":1706027396384,"stop":1706027396384,"duration":0},"status":"passed","steps":[],"attachments":[],"parameters":[],"shouldDisplayMessage":false,"stepsCount":0,"attachmentsCount":0,"hasContent":false,"attachmentStep":false}],"attachments":[],"parameters":[],"shouldDisplayMessage":false,"stepsCount":1,"attachmentsCount":0,"hasContent":true,"attachmentStep":false},{"name":"FinishTestExecution [2147483647]","time":{"start":1706027396446,"stop":1706027396446,"duration":0},"status":"passed","steps":[],"attachments":[],"parameters":[],"shouldDisplayMessage":false,"stepsCount":0,"attachmentsCount":0,"hasContent":false,"attachmentStep":false}],"labels":[{"name":"thread","value":"ParallelWorker#1"},{"name":"host","value":"fv-az700-666"},{"name":"language","value":"C#"},{"name":"framework","value":"SpecFlow"},{"name":"feature","value":"Demo"},{"name":"tag","value":"demo"},{"name":"resultFormat","value":"allure2"}],"parameters":[{"name":"Name","value":"\"Peter Parker\""}],"links":[],"hidden":false,"retry":false,"extra":{"severity":"normal","retries":[],"categories":[{"name":"Product defects","matchedStatuses":[],"flaky":false}],"history":{"statistic":{"failed":2,"broken":1,"skipped":0,"passed":3,"unknown":0,"total":6},"items":[{"uid":"b952a0fe83908f21","reportUrl":"https://aquality-automation.github.io/aquality-selenium-dotnet-template/78//#testresult/b952a0fe83908f21","status":"failed","statusDetails":"Common Language Runtime detected an invalid program.","time":{"start":1706027178408,"stop":1706027180579,"duration":2171}},{"uid":"7869e2e3bc22d912","reportUrl":"https://aquality-automation.github.io/aquality-selenium-dotnet-template/77//#testresult/7869e2e3bc22d912","status":"passed","time":{"start":1678954205184,"stop":1678954212624,"duration":7440}},{"uid":"9942246205841119","reportUrl":"https://aquality-automation.github.io/aquality-selenium-dotnet-template/76//#testresult/9942246205841119","status":"passed","time":{"start":1678889530705,"stop":1678889540015,"duration":9310}},{"uid":"c2ba43573813e83c","reportUrl":"https://aquality-automation.github.io/aquality-selenium-dotnet-template/75//#testresult/c2ba43573813e83c","status":"passed","time":{"start":1678889229939,"stop":1678889237982,"duration":8043}},{"uid":"f8373452df42dd29","reportUrl":"https://aquality-automation.github.io/aquality-selenium-dotnet-template/74//#testresult/f8373452df42dd29","status":"broken","statusDetails":"The type initializer for 'SkiaSharp.SKData' threw an exception. -> Unable to load shared library 'libSkiaSharp' or one of its dependencies. In order to help diagnose loading problems, consider setting the LD_DEBUG environment variable: liblibSkiaSharp: cannot open shared object file: No such file or directory","time":{"start":1678888722068,"stop":1678888752998,"duration":30930}}]},"tags":["demo"]},"source":"94fd57542d01d524.json","parameterValues":["\"Peter Parker\""]}